Using pre-set license
Built from '2020.3/staging' branch; Version is '2020.3.16f1 (049d6eca3c44) revision 302446'; Using compiler version '192528614'; Build Type 'Release'
OS: 'Windows 10 Pro; OS build 19043.1706; Version 2009; 64bit' Language: 'ko' Physical Memory: 16328 MB
BatchMode: 1, IsHumanControllingUs: 0, StartBugReporterOnCrash: 0, Is64bit: 1, IsPro: 0

 COMMAND LINE ARGUMENTS:
D:\unity\2020.3.16f1\Editor\Unity.exe
-adb2
-batchMode
-noUpm
-name
AssetImportWorker0
-projectPath
C:/Users/user/Documents/GitHub/Bee-In-the-Page/BeeInthePage
-logFile
Logs/AssetImportWorker0.log
-srvPort
65473
Successfully changed project path to: C:/Users/user/Documents/GitHub/Bee-In-the-Page/BeeInthePage
C:/Users/user/Documents/GitHub/Bee-In-the-Page/BeeInthePage
Using Asset Import Pipeline V2.
Refreshing native plugins compatible for Editor in 43.35 ms, found 3 plugins.
Preloading 0 native plugins for Editor in 0.00 ms.
Initialize engine version: 2020.3.16f1 (049d6eca3c44)
[Subsystems] Discovering subsystems at path D:/unity/2020.3.16f1/Editor/Data/Resources/UnitySubsystems
[Subsystems] Discovering subsystems at path C:/Users/user/Documents/GitHub/Bee-In-the-Page/BeeInthePage/Assets
GfxDevice: creating device client; threaded=0
Direct3D:
    Version:  Direct3D 11.0 [level 11.1]
    Renderer: NVIDIA GeForce GTX 1660 SUPER (ID=0x21c4)
    Vendor:   
    VRAM:     5991 MB
    Driver:   27.21.14.6089
Initialize mono
Mono path[0] = 'D:/unity/2020.3.16f1/Editor/Data/Managed'
Mono path[1] = 'D:/unity/2020.3.16f1/Editor/Data/MonoBleedingEdge/lib/mono/unityjit'
Mono config path = 'D:/unity/2020.3.16f1/Editor/Data/MonoBleedingEdge/etc'
Using monoOptions --debugger-agent=transport=dt_socket,embedding=1,server=y,suspend=n,address=127.0.0.1:56076
Begin MonoManager ReloadAssembly
Registering precompiled unity dll's ...
Register platform support module: D:/unity/2020.3.16f1/Editor/Data/PlaybackEngines/WindowsStandaloneSupport/UnityEditor.WindowsStandalone.Extensions.dll
Registered in 0.001290 seconds.
Native extension for WindowsStandalone target not found
Refreshing native plugins compatible for Editor in 39.55 ms, found 3 plugins.
Preloading 0 native plugins for Editor in 0.00 ms.
Mono: successfully reloaded assembly
- Completed reload, in  0.849 seconds
Domain Reload Profiling:
	ReloadAssembly (849ms)
		BeginReloadAssembly (68ms)
			ExecutionOrderSort (0ms)
			DisableScriptedObjects (0ms)
			BackupInstance (0ms)
			ReleaseScriptingObjects (0ms)
			CreateAndSetChildDomain (1ms)
		EndReloadAssembly (357ms)
			LoadAssemblies (68ms)
			RebuildTransferFunctionScriptingTraits (0ms)
			SetupTypeCache (128ms)
			ReleaseScriptCaches (0ms)
			RebuildScriptCaches (26ms)
			SetupLoadedEditorAssemblies (143ms)
				LogAssemblyErrors (0ms)
				InitializePlatformSupportModulesInManaged (3ms)
				SetLoadedEditorAssemblies (0ms)
				RefreshPlugins (40ms)
				BeforeProcessingInitializeOnLoad (13ms)
				ProcessInitializeOnLoadAttributes (63ms)
				ProcessInitializeOnLoadMethodAttributes (23ms)
				AfterProcessingInitializeOnLoad (0ms)
				EditorAssembliesLoaded (0ms)
			ExecutionOrderSort2 (0ms)
			AwakeInstancesAfterBackupRestoration (0ms)
Platform modules already initialized, skipping
Registering precompiled user dll's ...
Registered in 0.009417 seconds.
Begin MonoManager ReloadAssembly
Native extension for WindowsStandalone target not found
Refreshing native plugins compatible for Editor in 37.15 ms, found 3 plugins.
Preloading 0 native plugins for Editor in 0.00 ms.
Mono: successfully reloaded assembly
- Completed reload, in  1.051 seconds
Domain Reload Profiling:
	ReloadAssembly (1052ms)
		BeginReloadAssembly (143ms)
			ExecutionOrderSort (0ms)
			DisableScriptedObjects (4ms)
			BackupInstance (0ms)
			ReleaseScriptingObjects (0ms)
			CreateAndSetChildDomain (17ms)
		EndReloadAssembly (854ms)
			LoadAssemblies (116ms)
			RebuildTransferFunctionScriptingTraits (0ms)
			SetupTypeCache (241ms)
			ReleaseScriptCaches (1ms)
			RebuildScriptCaches (41ms)
			SetupLoadedEditorAssemblies (372ms)
				LogAssemblyErrors (0ms)
				InitializePlatformSupportModulesInManaged (3ms)
				SetLoadedEditorAssemblies (0ms)
				RefreshPlugins (37ms)
				BeforeProcessingInitializeOnLoad (88ms)
				ProcessInitializeOnLoadAttributes (230ms)
				ProcessInitializeOnLoadMethodAttributes (11ms)
				AfterProcessingInitializeOnLoad (2ms)
				EditorAssembliesLoaded (0ms)
			ExecutionOrderSort2 (0ms)
			AwakeInstancesAfterBackupRestoration (5ms)
Platform modules already initialized, skipping
========================================================================
Worker process is ready to serve import requests
Launched and connected shader compiler UnityShaderCompiler.exe after 0.04 seconds
Refreshing native plugins compatible for Editor in 0.48 ms, found 3 plugins.
Preloading 0 native plugins for Editor in 0.00 ms.
Unloading 2091 Unused Serialized files (Serialized files now loaded: 0)
System memory in use before: 93.0 MB.
System memory in use after: 93.1 MB.

Unloading 28 unused Assets to reduce memory usage. Loaded Objects now: 2528.
Total: 3.239500 ms (FindLiveObjects: 0.211300 ms CreateObjectMapping: 0.047300 ms MarkObjects: 2.904100 ms  DeleteObjects: 0.075700 ms)

AssetImportParameters requested are different than current active one (requested -> active):
  custom:framework-win-MediaFoundation: 216162199b28c13a410421893ffa2e32 -> 
  custom:video-decoder-ogg-theora: a1e56fd34408186e4bbccfd4996cb3dc -> 
  custom:container-muxer-webm: aa71ff27fc2769a1b78a27578f13a17b -> 
  custom:container-demuxer-webm: 4f35f7cbe854078d1ac9338744f61a02 -> 
  custom:container-demuxer-ogg: 62fdf1f143b41e24485cea50d1cbac27 -> 
  custom:video-encoder-webm-vp8: eb34c28f22e8b96e1ab97ce403110664 -> 
  custom:video-decoder-webm-vp8: 9c59270c3fd7afecdb556c50c9e8de78 -> 
  custom:audio-decoder-ogg-vorbis: bf7c407c2cedff20999df2af8eb42d56 -> 
  custom:audio-encoder-webm-vorbis: bf7c407c2cedff20999df2af8eb42d56 -> 
========================================================================
Received Import Request.
  path: Assets/resources/fonts
  artifactKey: Guid(b49a0267609f8b0409ef0cb2349c26e7) Importer(815301076,1909f56bfc062723c751e8b465ee728b)
Start importing Assets/resources/fonts using Guid(b49a0267609f8b0409ef0cb2349c26e7) Importer(815301076,1909f56bfc062723c751e8b465ee728b)  -> (artifact id: 'a39215749021988da6aca3bafea13c2a') in 0.006706 seconds 
  Import took 0.009637 seconds .

========================================================================
Received Import Request.
  Time since last request: 79.126034 seconds.
  path: Assets/resources/fonts/Cafe24Ohsquare.ttf
  artifactKey: Guid(466a2de4ff503a64cb7ed5c5ee65f554) Importer(815301076,1909f56bfc062723c751e8b465ee728b)
Start importing Assets/resources/fonts/Cafe24Ohsquare.ttf using Guid(466a2de4ff503a64cb7ed5c5ee65f554) Importer(815301076,1909f56bfc062723c751e8b465ee728b)  -> (artifact id: '1f79185102e56a33ea2557f2510f32f5') in 0.116974 seconds 
  Import took 0.120342 seconds .

========================================================================
Received Import Request.
  Time since last request: 0.000229 seconds.
  path: Assets/resources/fonts/Cafe24Syongsyong.ttf
  artifactKey: Guid(a2ece664e9e4d984499c31c2a7758441) Importer(815301076,1909f56bfc062723c751e8b465ee728b)
Start importing Assets/resources/fonts/Cafe24Syongsyong.ttf using Guid(a2ece664e9e4d984499c31c2a7758441) Importer(815301076,1909f56bfc062723c751e8b465ee728b)  -> (artifact id: 'cc0ab04c603ed92fc90c10cd2598bc6e') in 0.020100 seconds 
  Import took 0.023016 seconds .

========================================================================
Received Import Request.
  Time since last request: 0.000239 seconds.
  path: Assets/resources/fonts/Cafe24Ssurround.ttf
  artifactKey: Guid(ae2f9b2099e6365499a16bba02420ae4) Importer(815301076,1909f56bfc062723c751e8b465ee728b)
Start importing Assets/resources/fonts/Cafe24Ssurround.ttf using Guid(ae2f9b2099e6365499a16bba02420ae4) Importer(815301076,1909f56bfc062723c751e8b465ee728b)  -> (artifact id: '02061aa3ef4b4a1b186f2421625d7b8f') in 0.020684 seconds 
  Import took 0.024033 seconds .

========================================================================
Received Import Request.
  Time since last request: 0.000217 seconds.
  path: Assets/resources/fonts/Cafe24SsurroundAir.ttf
  artifactKey: Guid(6715200cee6ec4142a49260b113bbf95) Importer(815301076,1909f56bfc062723c751e8b465ee728b)
Start importing Assets/resources/fonts/Cafe24SsurroundAir.ttf using Guid(6715200cee6ec4142a49260b113bbf95) Importer(815301076,1909f56bfc062723c751e8b465ee728b)  -> (artifact id: '52ea0d23986111a754d95894d60a1792') in 0.039202 seconds 
  Import took 0.042453 seconds .

AssetImportWorkerClient::OnTransportError - code=2 error=End of file
