Using pre-set license
Built from '2020.3/staging' branch; Version is '2020.3.16f1 (049d6eca3c44) revision 302446'; Using compiler version '192528614'; Build Type 'Release'
OS: 'Windows 10 Pro; OS build 19043.1706; Version 2009; 64bit' Language: 'ko' Physical Memory: 16328 MB
BatchMode: 1, IsHumanControllingUs: 0, StartBugReporterOnCrash: 0, Is64bit: 1, IsPro: 0

 COMMAND LINE ARGUMENTS:
D:\unity\2020.3.16f1\Editor\Unity.exe
-adb2
-batchMode
-noUpm
-name
AssetImportWorker0
-projectPath
C:/Users/user/Documents/GitHub/Bee-In-the-Page/BeeInthePage
-logFile
Logs/AssetImportWorker0.log
-srvPort
54520
Successfully changed project path to: C:/Users/user/Documents/GitHub/Bee-In-the-Page/BeeInthePage
C:/Users/user/Documents/GitHub/Bee-In-the-Page/BeeInthePage
Using Asset Import Pipeline V2.
Refreshing native plugins compatible for Editor in 43.17 ms, found 3 plugins.
Preloading 0 native plugins for Editor in 0.00 ms.
Initialize engine version: 2020.3.16f1 (049d6eca3c44)
[Subsystems] Discovering subsystems at path D:/unity/2020.3.16f1/Editor/Data/Resources/UnitySubsystems
[Subsystems] Discovering subsystems at path C:/Users/user/Documents/GitHub/Bee-In-the-Page/BeeInthePage/Assets
GfxDevice: creating device client; threaded=0
Direct3D:
    Version:  Direct3D 11.0 [level 11.1]
    Renderer: NVIDIA GeForce GTX 1660 SUPER (ID=0x21c4)
    Vendor:   
    VRAM:     5991 MB
    Driver:   27.21.14.6089
Initialize mono
Mono path[0] = 'D:/unity/2020.3.16f1/Editor/Data/Managed'
Mono path[1] = 'D:/unity/2020.3.16f1/Editor/Data/MonoBleedingEdge/lib/mono/unityjit'
Mono config path = 'D:/unity/2020.3.16f1/Editor/Data/MonoBleedingEdge/etc'
Using monoOptions --debugger-agent=transport=dt_socket,embedding=1,server=y,suspend=n,address=127.0.0.1:56084
Begin MonoManager ReloadAssembly
Registering precompiled unity dll's ...
Register platform support module: D:/unity/2020.3.16f1/Editor/Data/PlaybackEngines/WindowsStandaloneSupport/UnityEditor.WindowsStandalone.Extensions.dll
Registered in 0.001254 seconds.
Native extension for WindowsStandalone target not found
Refreshing native plugins compatible for Editor in 38.24 ms, found 3 plugins.
Preloading 0 native plugins for Editor in 0.00 ms.
Mono: successfully reloaded assembly
- Completed reload, in  0.865 seconds
Domain Reload Profiling:
	ReloadAssembly (865ms)
		BeginReloadAssembly (67ms)
			ExecutionOrderSort (0ms)
			DisableScriptedObjects (0ms)
			BackupInstance (0ms)
			ReleaseScriptingObjects (0ms)
			CreateAndSetChildDomain (1ms)
		EndReloadAssembly (347ms)
			LoadAssemblies (67ms)
			RebuildTransferFunctionScriptingTraits (0ms)
			SetupTypeCache (123ms)
			ReleaseScriptCaches (0ms)
			RebuildScriptCaches (25ms)
			SetupLoadedEditorAssemblies (142ms)
				LogAssemblyErrors (0ms)
				InitializePlatformSupportModulesInManaged (3ms)
				SetLoadedEditorAssemblies (0ms)
				RefreshPlugins (38ms)
				BeforeProcessingInitializeOnLoad (14ms)
				ProcessInitializeOnLoadAttributes (63ms)
				ProcessInitializeOnLoadMethodAttributes (23ms)
				AfterProcessingInitializeOnLoad (0ms)
				EditorAssembliesLoaded (0ms)
			ExecutionOrderSort2 (0ms)
			AwakeInstancesAfterBackupRestoration (0ms)
Platform modules already initialized, skipping
Registering precompiled user dll's ...
Registered in 0.009167 seconds.
Begin MonoManager ReloadAssembly
Native extension for WindowsStandalone target not found
Refreshing native plugins compatible for Editor in 38.72 ms, found 3 plugins.
Preloading 0 native plugins for Editor in 0.00 ms.
Mono: successfully reloaded assembly
- Completed reload, in  1.059 seconds
Domain Reload Profiling:
	ReloadAssembly (1060ms)
		BeginReloadAssembly (144ms)
			ExecutionOrderSort (0ms)
			DisableScriptedObjects (4ms)
			BackupInstance (0ms)
			ReleaseScriptingObjects (0ms)
			CreateAndSetChildDomain (17ms)
		EndReloadAssembly (861ms)
			LoadAssemblies (118ms)
			RebuildTransferFunctionScriptingTraits (0ms)
			SetupTypeCache (237ms)
			ReleaseScriptCaches (1ms)
			RebuildScriptCaches (39ms)
			SetupLoadedEditorAssemblies (378ms)
				LogAssemblyErrors (0ms)
				InitializePlatformSupportModulesInManaged (3ms)
				SetLoadedEditorAssemblies (0ms)
				RefreshPlugins (39ms)
				BeforeProcessingInitializeOnLoad (88ms)
				ProcessInitializeOnLoadAttributes (235ms)
				ProcessInitializeOnLoadMethodAttributes (11ms)
				AfterProcessingInitializeOnLoad (2ms)
				EditorAssembliesLoaded (0ms)
			ExecutionOrderSort2 (0ms)
			AwakeInstancesAfterBackupRestoration (5ms)
Platform modules already initialized, skipping
========================================================================
Worker process is ready to serve import requests
Launched and connected shader compiler UnityShaderCompiler.exe after 0.04 seconds
Refreshing native plugins compatible for Editor in 0.49 ms, found 3 plugins.
Preloading 0 native plugins for Editor in 0.00 ms.
Unloading 2091 Unused Serialized files (Serialized files now loaded: 0)
System memory in use before: 93.0 MB.
System memory in use after: 93.1 MB.

Unloading 28 unused Assets to reduce memory usage. Loaded Objects now: 2528.
Total: 3.154100 ms (FindLiveObjects: 0.204100 ms CreateObjectMapping: 0.049000 ms MarkObjects: 2.832900 ms  DeleteObjects: 0.067400 ms)

AssetImportParameters requested are different than current active one (requested -> active):
  custom:framework-win-MediaFoundation: 216162199b28c13a410421893ffa2e32 -> 
  custom:video-decoder-ogg-theora: a1e56fd34408186e4bbccfd4996cb3dc -> 
  custom:container-muxer-webm: aa71ff27fc2769a1b78a27578f13a17b -> 
  custom:container-demuxer-webm: 4f35f7cbe854078d1ac9338744f61a02 -> 
  custom:container-demuxer-ogg: 62fdf1f143b41e24485cea50d1cbac27 -> 
  custom:video-encoder-webm-vp8: eb34c28f22e8b96e1ab97ce403110664 -> 
  custom:video-decoder-webm-vp8: 9c59270c3fd7afecdb556c50c9e8de78 -> 
  custom:audio-decoder-ogg-vorbis: bf7c407c2cedff20999df2af8eb42d56 -> 
  custom:audio-encoder-webm-vorbis: bf7c407c2cedff20999df2af8eb42d56 -> 
========================================================================
Received Import Request.
  path: Assets/resources/Audio
  artifactKey: Guid(462fb035001aeb540b8e1839c31e3323) Importer(815301076,1909f56bfc062723c751e8b465ee728b)
Start importing Assets/resources/Audio using Guid(462fb035001aeb540b8e1839c31e3323) Importer(815301076,1909f56bfc062723c751e8b465ee728b)  -> (artifact id: 'a2ebbf21df36478c5962b88b3b1c83d0') in 0.006751 seconds 
  Import took 0.010555 seconds .

========================================================================
Received Import Request.
  Time since last request: 4.739891 seconds.
  path: Assets/resources/Audio/고르기.ogg
  artifactKey: Guid(2db1bba78de115f43b73001f6d913b97) Importer(815301076,1909f56bfc062723c751e8b465ee728b)
Start importing Assets/resources/Audio/고르기.ogg using Guid(2db1bba78de115f43b73001f6d913b97) Importer(815301076,1909f56bfc062723c751e8b465ee728b)  -> (artifact id: 'd98daffa46023de2faaf37f6cf8710a0') in 0.084259 seconds 
  Import took 0.087461 seconds .

========================================================================
Received Import Request.
  Time since last request: 0.000247 seconds.
  path: Assets/resources/Audio/선택.ogg
  artifactKey: Guid(48334963ae09aed49a0bb50f79289e93) Importer(815301076,1909f56bfc062723c751e8b465ee728b)
Start importing Assets/resources/Audio/선택.ogg using Guid(48334963ae09aed49a0bb50f79289e93) Importer(815301076,1909f56bfc062723c751e8b465ee728b)  -> (artifact id: 'e8d6b624d648180f62c7c634a8080844') in 0.010670 seconds 
  Import took 0.013860 seconds .

========================================================================
Received Import Request.
  Time since last request: 5030.459133 seconds.
  path: Assets/Music Tracks
  artifactKey: Guid(7ec34c7307f07604a9e81e9aa56f15b7) Importer(815301076,1909f56bfc062723c751e8b465ee728b)
Start importing Assets/Music Tracks using Guid(7ec34c7307f07604a9e81e9aa56f15b7) Importer(815301076,1909f56bfc062723c751e8b465ee728b)  -> (artifact id: '31bd1488ce3790d1bc310d13e185c980') in 0.004406 seconds 
  Import took 0.007981 seconds .

========================================================================
Received Import Request.
  Time since last request: 0.360348 seconds.
  path: Assets/Music Tracks/Chunky_Monkey.wav
  artifactKey: Guid(956ad2f73332544fd87365087825cc4f) Importer(815301076,1909f56bfc062723c751e8b465ee728b)
Start importing Assets/Music Tracks/Chunky_Monkey.wav using Guid(956ad2f73332544fd87365087825cc4f) Importer(815301076,1909f56bfc062723c751e8b465ee728b)  -> (artifact id: 'a6130b7c22df55762dfa6f2579ed98cb') in 0.074393 seconds 
  Import took 0.077825 seconds .

========================================================================
Received Import Request.
  Time since last request: 0.000251 seconds.
  path: Assets/Music Tracks/Potato.wav
  artifactKey: Guid(87890a66193394e3cb7d6284cc6b4344) Importer(815301076,1909f56bfc062723c751e8b465ee728b)
Start importing Assets/Music Tracks/Potato.wav using Guid(87890a66193394e3cb7d6284cc6b4344) Importer(815301076,1909f56bfc062723c751e8b465ee728b)  -> (artifact id: '6cc00e73bd685c70198d184f737c2fd2') in 0.010191 seconds 
  Import took 0.013438 seconds .

========================================================================
Received Import Request.
  Time since last request: 0.000240 seconds.
  path: Assets/Music Tracks/InfiniteDoors.wav
  artifactKey: Guid(5059413ec429c4507bb7bca2286fad19) Importer(815301076,1909f56bfc062723c751e8b465ee728b)
Start importing Assets/Music Tracks/InfiniteDoors.wav using Guid(5059413ec429c4507bb7bca2286fad19) Importer(815301076,1909f56bfc062723c751e8b465ee728b)  -> (artifact id: 'a8fb83e05a6dcfc377e2531b95b3b999') in 0.010247 seconds 
  Import took 0.013433 seconds .

========================================================================
Received Import Request.
  Time since last request: 0.000194 seconds.
  path: Assets/Music Tracks/JumpyGame.wav
  artifactKey: Guid(d8f7a78a964aa489aafb3749d805cd4b) Importer(815301076,1909f56bfc062723c751e8b465ee728b)
Start importing Assets/Music Tracks/JumpyGame.wav using Guid(d8f7a78a964aa489aafb3749d805cd4b) Importer(815301076,1909f56bfc062723c751e8b465ee728b)  -> (artifact id: 'bb24e34be9d21f4f4b4a009b9f5f20d8') in 0.011488 seconds 
  Import took 0.014282 seconds .

========================================================================
Received Import Request.
  Time since last request: 0.000232 seconds.
  path: Assets/Music Tracks/StreetLove.wav
  artifactKey: Guid(26364aaf1f64b40c1a047b0bacfbd10e) Importer(815301076,1909f56bfc062723c751e8b465ee728b)
Start importing Assets/Music Tracks/StreetLove.wav using Guid(26364aaf1f64b40c1a047b0bacfbd10e) Importer(815301076,1909f56bfc062723c751e8b465ee728b)  -> (artifact id: '37d880084e5ea1438ac8bf3dd15a1f5e') in 0.009937 seconds 
  Import took 0.012817 seconds .

========================================================================
Received Import Request.
  Time since last request: 0.000197 seconds.
  path: Assets/Music Tracks/SunnyDay.wav
  artifactKey: Guid(6306498bbea9342a58ad61d5f7128830) Importer(815301076,1909f56bfc062723c751e8b465ee728b)
Start importing Assets/Music Tracks/SunnyDay.wav using Guid(6306498bbea9342a58ad61d5f7128830) Importer(815301076,1909f56bfc062723c751e8b465ee728b)  -> (artifact id: '8de1552fc6c4d04509783365cbc090b8') in 0.010840 seconds 
  Import took 0.014308 seconds .

========================================================================
Received Import Request.
  Time since last request: 0.000222 seconds.
  path: Assets/Music Tracks/Tiny_Blocks.wav
  artifactKey: Guid(5d6e42b338547477aa7a88708f894463) Importer(815301076,1909f56bfc062723c751e8b465ee728b)
Start importing Assets/Music Tracks/Tiny_Blocks.wav using Guid(5d6e42b338547477aa7a88708f894463) Importer(815301076,1909f56bfc062723c751e8b465ee728b)  -> (artifact id: 'f1d25510c0ea9c74216918eb6920756e') in 0.010897 seconds 
  Import took 0.013886 seconds .

========================================================================
Received Import Request.
  Time since last request: 0.000239 seconds.
  path: Assets/Music Tracks/Stupid_Dancer.wav
  artifactKey: Guid(1555836638cd34283a3780a19b58d4c6) Importer(815301076,1909f56bfc062723c751e8b465ee728b)
Start importing Assets/Music Tracks/Stupid_Dancer.wav using Guid(1555836638cd34283a3780a19b58d4c6) Importer(815301076,1909f56bfc062723c751e8b465ee728b)  -> (artifact id: 'c52506c3691d3de291e68e41d32dcc2f') in 0.009803 seconds 
  Import took 0.013382 seconds .

========================================================================
Received Import Request.
  Time since last request: 0.000231 seconds.
  path: Assets/Music Tracks/Zephyr.wav
  artifactKey: Guid(07f391589664f4e85904fa28802b4aa8) Importer(815301076,1909f56bfc062723c751e8b465ee728b)
Start importing Assets/Music Tracks/Zephyr.wav using Guid(07f391589664f4e85904fa28802b4aa8) Importer(815301076,1909f56bfc062723c751e8b465ee728b)  -> (artifact id: '2631d79220713a89b8d32a7209c61b37') in 0.010014 seconds 
  Import took 0.013129 seconds .

========================================================================
Received Import Request.
  Time since last request: 135.253586 seconds.
  path: Assets/Music Tracks/배경음악 - InfiniteDoors.wav
  artifactKey: Guid(5059413ec429c4507bb7bca2286fad19) Importer(815301076,1909f56bfc062723c751e8b465ee728b)
Start importing Assets/Music Tracks/배경음악 - InfiniteDoors.wav using Guid(5059413ec429c4507bb7bca2286fad19) Importer(815301076,1909f56bfc062723c751e8b465ee728b)  -> (artifact id: '03cfa506ddfdf5e2b8f2d5c2ac285c7b') in 0.016594 seconds 
  Import took 0.019944 seconds .

========================================================================
Received Import Request.
  Time since last request: 274.987249 seconds.
  path: Assets/resources/Audio/Menu Click by fins Id-146721.wav
  artifactKey: Guid(b366fb91c72fbe84bb76b4e512269848) Importer(815301076,1909f56bfc062723c751e8b465ee728b)
Start importing Assets/resources/Audio/Menu Click by fins Id-146721.wav using Guid(b366fb91c72fbe84bb76b4e512269848) Importer(815301076,1909f56bfc062723c751e8b465ee728b)  -> (artifact id: '9e66f52bb9cfebc4b7a8ba32567882d4') in 0.010899 seconds 
  Import took 0.014428 seconds .

========================================================================
Received Import Request.
  Time since last request: 0.000198 seconds.
  path: Assets/resources/Audio/Menu Selection Click by NenadSimic Id-171697.wav
  artifactKey: Guid(40fdec1ff17cd0c418147d6dd0818f8e) Importer(815301076,1909f56bfc062723c751e8b465ee728b)
Start importing Assets/resources/Audio/Menu Selection Click by NenadSimic Id-171697.wav using Guid(40fdec1ff17cd0c418147d6dd0818f8e) Importer(815301076,1909f56bfc062723c751e8b465ee728b)  -> (artifact id: 'fe0b5dd1e45c3bfbeb4a0fe1eded9069') in 0.010555 seconds 
  Import took 0.013664 seconds .

========================================================================
Received Import Request.
  Time since last request: 23.609062 seconds.
  path: Assets/resources/Audio/Mouse Click by HunteR4708 Id-256455.wav
  artifactKey: Guid(9dffb33c9f7f1fc44b83ab7ce06c86e1) Importer(815301076,1909f56bfc062723c751e8b465ee728b)
Start importing Assets/resources/Audio/Mouse Click by HunteR4708 Id-256455.wav using Guid(9dffb33c9f7f1fc44b83ab7ce06c86e1) Importer(815301076,1909f56bfc062723c751e8b465ee728b)  -> (artifact id: 'c0de27a1c72a26fe9588390855728ad3') in 0.009784 seconds 
  Import took 0.013331 seconds .

========================================================================
Received Import Request.
  Time since last request: 38.894078 seconds.
  path: Assets/resources/Audio/선택.wav
  artifactKey: Guid(9dffb33c9f7f1fc44b83ab7ce06c86e1) Importer(815301076,1909f56bfc062723c751e8b465ee728b)
Start importing Assets/resources/Audio/선택.wav using Guid(9dffb33c9f7f1fc44b83ab7ce06c86e1) Importer(815301076,1909f56bfc062723c751e8b465ee728b)  -> (artifact id: 'c56bbe4d5b1ce0c8514cc7a2c1b336e3') in 0.015296 seconds 
  Import took 0.018779 seconds .

========================================================================
Received Import Request.
  Time since last request: 3.245680 seconds.
  path: Assets/resources/Audio/고르기.wav
  artifactKey: Guid(40fdec1ff17cd0c418147d6dd0818f8e) Importer(815301076,1909f56bfc062723c751e8b465ee728b)
Start importing Assets/resources/Audio/고르기.wav using Guid(40fdec1ff17cd0c418147d6dd0818f8e) Importer(815301076,1909f56bfc062723c751e8b465ee728b)  -> (artifact id: 'bff19c1bf27cd2a908c714d7b3c33f25') in 0.015115 seconds 
  Import took 0.018843 seconds .

========================================================================
Received Import Request.
  Time since last request: 101.475766 seconds.
  path: Assets/resources/Audio/15.Bird Flap B 04 by deleted_user_2104797 Id-330963.wav
  artifactKey: Guid(490951910ab537c4b9644fd4ccb6cfdc) Importer(815301076,1909f56bfc062723c751e8b465ee728b)
Start importing Assets/resources/Audio/15.Bird Flap B 04 by deleted_user_2104797 Id-330963.wav using Guid(490951910ab537c4b9644fd4ccb6cfdc) Importer(815301076,1909f56bfc062723c751e8b465ee728b)  -> (artifact id: '13f7999aeb5f4882a96648ab9cb9fceb') in 0.016134 seconds 
  Import took 0.019681 seconds .

========================================================================
Received Import Request.
  Time since last request: 18.737609 seconds.
  path: Assets/resources/Audio/13.Birds Flap by Kamyarbb Id-146328.wav
  artifactKey: Guid(5af0178037ebbc544b78ef747f936716) Importer(815301076,1909f56bfc062723c751e8b465ee728b)
Start importing Assets/resources/Audio/13.Birds Flap by Kamyarbb Id-146328.wav using Guid(5af0178037ebbc544b78ef747f936716) Importer(815301076,1909f56bfc062723c751e8b465ee728b)  -> (artifact id: '6ba6d8125bfc6d53767a263266e8d5b4') in 0.012991 seconds 
  Import took 0.016379 seconds .

========================================================================
Received Import Request.
  Time since last request: 6.491811 seconds.
  path: Assets/resources/Audio/jump1.wav
  artifactKey: Guid(490951910ab537c4b9644fd4ccb6cfdc) Importer(815301076,1909f56bfc062723c751e8b465ee728b)
Start importing Assets/resources/Audio/jump1.wav using Guid(490951910ab537c4b9644fd4ccb6cfdc) Importer(815301076,1909f56bfc062723c751e8b465ee728b)  -> (artifact id: '1c725064d8415fa9d53be4e476ed79c3') in 0.016281 seconds 
  Import took 0.020175 seconds .

========================================================================
Received Import Request.
  Time since last request: 4.847182 seconds.
  path: Assets/resources/Audio/jump2.wav
  artifactKey: Guid(5af0178037ebbc544b78ef747f936716) Importer(815301076,1909f56bfc062723c751e8b465ee728b)
Start importing Assets/resources/Audio/jump2.wav using Guid(5af0178037ebbc544b78ef747f936716) Importer(815301076,1909f56bfc062723c751e8b465ee728b)  -> (artifact id: '5161f66b1b797dd9bf134e710a7031a7') in 0.013594 seconds 
  Import took 0.016945 seconds .

========================================================================
Received Import Request.
  Time since last request: 39.822512 seconds.
  path: Assets/resources/Audio/Jump by jeckkech Id-391670.wav
  artifactKey: Guid(defa3d36a25bb2548a9e44f388fb86c3) Importer(815301076,1909f56bfc062723c751e8b465ee728b)
Start importing Assets/resources/Audio/Jump by jeckkech Id-391670.wav using Guid(defa3d36a25bb2548a9e44f388fb86c3) Importer(815301076,1909f56bfc062723c751e8b465ee728b)  -> (artifact id: '8cb89bc74b4f2a91865bcdb7586516b2') in 0.010185 seconds 
  Import took 0.013641 seconds .

========================================================================
Received Import Request.
  Time since last request: 12.789904 seconds.
  path: Assets/resources/Audio/Ma Sfx Console 1 by Dneproman Id-334781.wav
  artifactKey: Guid(feceb2c2be883b041b78ca4aaa8a134d) Importer(815301076,1909f56bfc062723c751e8b465ee728b)
Start importing Assets/resources/Audio/Ma Sfx Console 1 by Dneproman Id-334781.wav using Guid(feceb2c2be883b041b78ca4aaa8a134d) Importer(815301076,1909f56bfc062723c751e8b465ee728b)  -> (artifact id: 'ef26732fd123da9ee5aad3695d66ade2') in 0.014598 seconds 
  Import took 0.017864 seconds .

========================================================================
Received Import Request.
  Time since last request: 77.009208 seconds.
  path: Assets/resources/Player
  artifactKey: Guid(8cc829d22bd41a44c91431a3497fc128) Importer(815301076,1909f56bfc062723c751e8b465ee728b)
Start importing Assets/resources/Player using Guid(8cc829d22bd41a44c91431a3497fc128) Importer(815301076,1909f56bfc062723c751e8b465ee728b)  -> (artifact id: 'cb9a2bba3fabc1947749354c6a911568') in 0.003928 seconds 
  Import took 0.007553 seconds .

========================================================================
Received Import Request.
  Time since last request: 2168.767023 seconds.
  path: Assets/resources/점수판 완.png
  artifactKey: Guid(dad2681041e4d7746a3411ec9b9264c6) Importer(815301076,1909f56bfc062723c751e8b465ee728b)
Start importing Assets/resources/점수판 완.png using Guid(dad2681041e4d7746a3411ec9b9264c6) Importer(815301076,1909f56bfc062723c751e8b465ee728b)  -> (artifact id: 'a8ebbe777087b7a83741268b4cf0b071') in 0.074311 seconds 
  Import took 0.077951 seconds .

========================================================================
Received Import Request.
  Time since last request: 84.167086 seconds.
  path: Assets/resources/Audio/Dead.ogg
  artifactKey: Guid(b547e08bb747714488827b25521a38ea) Importer(815301076,1909f56bfc062723c751e8b465ee728b)
Start importing Assets/resources/Audio/Dead.ogg using Guid(b547e08bb747714488827b25521a38ea) Importer(815301076,1909f56bfc062723c751e8b465ee728b)  -> (artifact id: 'fb832568be934e50f50caaf5fee0fdc6') in 0.010050 seconds 
  Import took 0.013733 seconds .

========================================================================
Received Import Request.
  Time since last request: 14.925997 seconds.
  path: Assets/점수판 완.png
  artifactKey: Guid(aab353bc4c0797e40bc02086482d26a0) Importer(815301076,1909f56bfc062723c751e8b465ee728b)
Start importing Assets/점수판 완.png using Guid(aab353bc4c0797e40bc02086482d26a0) Importer(815301076,1909f56bfc062723c751e8b465ee728b)  -> (artifact id: '125d6f50fdeeb05c7aab4c47861812e1') in 0.036876 seconds 
  Import took 0.040360 seconds .

========================================================================
Received Import Request.
  Time since last request: 3733.032119 seconds.
  path: Assets/A.png
  artifactKey: Guid(2d350b8eeaaa17b4a93611b564bc6e1f) Importer(815301076,1909f56bfc062723c751e8b465ee728b)
Start importing Assets/A.png using Guid(2d350b8eeaaa17b4a93611b564bc6e1f) Importer(815301076,1909f56bfc062723c751e8b465ee728b)  -> (artifact id: 'cecfa6a2ddbdbaf779ce53a265fa57f2') in 0.021307 seconds 
  Import took 0.028064 seconds .

========================================================================
Received Import Request.
  Time since last request: 1880.393894 seconds.
  path: Assets/A.png
  artifactKey: Guid(2d350b8eeaaa17b4a93611b564bc6e1f) Importer(815301076,1909f56bfc062723c751e8b465ee728b)
Start importing Assets/A.png using Guid(2d350b8eeaaa17b4a93611b564bc6e1f) Importer(815301076,1909f56bfc062723c751e8b465ee728b)  -> (artifact id: '0ae154a03ca31c0db4b525560249186a') in 0.032569 seconds 
  Import took 0.036740 seconds .

========================================================================
Received Import Request.
  Time since last request: 20.534536 seconds.
  path: Assets/A.png
  artifactKey: Guid(2d350b8eeaaa17b4a93611b564bc6e1f) Importer(815301076,1909f56bfc062723c751e8b465ee728b)
Start importing Assets/A.png using Guid(2d350b8eeaaa17b4a93611b564bc6e1f) Importer(815301076,1909f56bfc062723c751e8b465ee728b)  -> (artifact id: '917190d6de413139635ad2c648e348b5') in 0.099808 seconds 
  Import took 0.103744 seconds .

========================================================================
Received Import Request.
  Time since last request: 0.275707 seconds.
  path: Assets/A.png
  artifactKey: Guid(2d350b8eeaaa17b4a93611b564bc6e1f) Importer(815301076,1909f56bfc062723c751e8b465ee728b)
Start importing Assets/A.png using Guid(2d350b8eeaaa17b4a93611b564bc6e1f) Importer(815301076,1909f56bfc062723c751e8b465ee728b)  -> (artifact id: '917190d6de413139635ad2c648e348b5') in 0.083844 seconds 
  Import took 0.087714 seconds .

========================================================================
Received Import Request.
  Time since last request: 98.951775 seconds.
  path: Assets/Music Tracks/인트로노래.wav
  artifactKey: Guid(5d6e42b338547477aa7a88708f894463) Importer(815301076,1909f56bfc062723c751e8b465ee728b)
Start importing Assets/Music Tracks/인트로노래.wav using Guid(5d6e42b338547477aa7a88708f894463) Importer(815301076,1909f56bfc062723c751e8b465ee728b)  -> (artifact id: '27e58d7b9e59cff206fb8c01453ff762') in 0.014402 seconds 
  Import took 0.017723 seconds .

========================================================================
Received Import Request.
  Time since last request: 19.449526 seconds.
  path: Assets/resources/Audio/jump.wav
  artifactKey: Guid(490951910ab537c4b9644fd4ccb6cfdc) Importer(815301076,1909f56bfc062723c751e8b465ee728b)
Start importing Assets/resources/Audio/jump.wav using Guid(490951910ab537c4b9644fd4ccb6cfdc) Importer(815301076,1909f56bfc062723c751e8b465ee728b)  -> (artifact id: 'f48c423f8b4384f2f33a51696eb9ff26') in 0.020847 seconds 
  Import took 0.024957 seconds .

========================================================================
Received Import Request.
  Time since last request: 2.978568 seconds.
  path: Assets/resources/Audio/선택.wav
  artifactKey: Guid(feceb2c2be883b041b78ca4aaa8a134d) Importer(815301076,1909f56bfc062723c751e8b465ee728b)
Start importing Assets/resources/Audio/선택.wav using Guid(feceb2c2be883b041b78ca4aaa8a134d) Importer(815301076,1909f56bfc062723c751e8b465ee728b)  -> (artifact id: '7485972c7bc2bfe845fa30b05d33e33c') in 0.009883 seconds 
  Import took 0.013523 seconds .

========================================================================
Received Import Request.
  Time since last request: 4353.635581 seconds.
  path: Assets/prefabs/배경1.png
  artifactKey: Guid(e8127f200bd324b4aa7921e29ba21eed) Importer(815301076,1909f56bfc062723c751e8b465ee728b)
Start importing Assets/prefabs/배경1.png using Guid(e8127f200bd324b4aa7921e29ba21eed) Importer(815301076,1909f56bfc062723c751e8b465ee728b)  -> (artifact id: 'fd49e7a3066290ded3cbf3eee5daa1b8') in 0.035739 seconds 
  Import took 0.059713 seconds .

========================================================================
Received Import Request.
  Time since last request: 0.000219 seconds.
  path: Assets/prefabs/배경2.png
  artifactKey: Guid(85fbeacf84e61d84281a5c7c939959a9) Importer(815301076,1909f56bfc062723c751e8b465ee728b)
Start importing Assets/prefabs/배경2.png using Guid(85fbeacf84e61d84281a5c7c939959a9) Importer(815301076,1909f56bfc062723c751e8b465ee728b)  -> (artifact id: 'f6fd42850e0a66a538791dc54ac01a57') in 0.012359 seconds 
  Import took 0.016211 seconds .

========================================================================
Received Import Request.
  Time since last request: 572.067711 seconds.
  path: Assets/prefabs/a-book-3057904_1920.png
  artifactKey: Guid(8985fb3c07be7a5429436be1bb9069ac) Importer(815301076,1909f56bfc062723c751e8b465ee728b)
Start importing Assets/prefabs/a-book-3057904_1920.png using Guid(8985fb3c07be7a5429436be1bb9069ac) Importer(815301076,1909f56bfc062723c751e8b465ee728b)  -> (artifact id: '1aba5bb8eb6871620638b26e332c9f87') in 0.059199 seconds 
  Import took 0.063013 seconds .

========================================================================
Received Import Request.
  Time since last request: 38.983573 seconds.
  path: ProjectSettings/TagManager.asset
  artifactKey: Guid(00000000000000003000000000000000) Importer(815301076,1909f56bfc062723c751e8b465ee728b)
Start importing ProjectSettings/TagManager.asset using Guid(00000000000000003000000000000000) Importer(815301076,1909f56bfc062723c751e8b465ee728b)  -> (artifact id: '95df672b4aaba54310d34c83eef51bb8') in 0.014709 seconds 
  Import took 0.018093 seconds .

========================================================================
Received Import Request.
  Time since last request: 0.001866 seconds.
  path: ProjectSettings/TagManager.asset
  artifactKey: Guid(00000000000000003000000000000000) Importer(815301076,1909f56bfc062723c751e8b465ee728b)
Start importing ProjectSettings/TagManager.asset using Guid(00000000000000003000000000000000) Importer(815301076,1909f56bfc062723c751e8b465ee728b)  -> (artifact id: '95df672b4aaba54310d34c83eef51bb8') in 0.004903 seconds 
  Import took 0.007792 seconds .

========================================================================
Received Import Request.
  Time since last request: 491.448580 seconds.
  path: Assets/배경 완.png
  artifactKey: Guid(07a0f42794705a241a271f658b9dcf1b) Importer(815301076,1909f56bfc062723c751e8b465ee728b)
Start importing Assets/배경 완.png using Guid(07a0f42794705a241a271f658b9dcf1b) Importer(815301076,1909f56bfc062723c751e8b465ee728b)  -> (artifact id: 'b3ff1f1d4d96da3e9e10f3b18ba07321') in 0.028203 seconds 
  Import took 0.032021 seconds .

========================================================================
Received Import Request.
  Time since last request: 108.754062 seconds.
  path: Assets/resources/ets
  artifactKey: Guid(24a8cf7a3ddcaf547ae4620445d34f4a) Importer(815301076,1909f56bfc062723c751e8b465ee728b)
Start importing Assets/resources/ets using Guid(24a8cf7a3ddcaf547ae4620445d34f4a) Importer(815301076,1909f56bfc062723c751e8b465ee728b)  -> (artifact id: '659b48c52ada5c285262c2fdddaed7c0') in 0.003651 seconds 
  Import took 0.007463 seconds .

========================================================================
Received Import Request.
  Time since last request: 0.000410 seconds.
  path: Assets/resources/ets
  artifactKey: Guid(24a8cf7a3ddcaf547ae4620445d34f4a) Importer(815301076,1909f56bfc062723c751e8b465ee728b)
Start importing Assets/resources/ets using Guid(24a8cf7a3ddcaf547ae4620445d34f4a) Importer(815301076,1909f56bfc062723c751e8b465ee728b)  -> (artifact id: '659b48c52ada5c285262c2fdddaed7c0') in 0.003369 seconds 
  Import took 0.005681 seconds .

========================================================================
Received Import Request.
  Time since last request: 212.079138 seconds.
  path: Assets/배경1.png
  artifactKey: Guid(103e310cfc9539e4d9cbf630bc8665b7) Importer(815301076,1909f56bfc062723c751e8b465ee728b)
Start importing Assets/배경1.png using Guid(103e310cfc9539e4d9cbf630bc8665b7) Importer(815301076,1909f56bfc062723c751e8b465ee728b)  -> (artifact id: '50cfc36b531c3d20b156b6a205396d2a') in 0.026418 seconds 
  Import took 0.029959 seconds .

========================================================================
Received Import Request.
  Time since last request: 202.329467 seconds.
  path: Assets/Animations/Player.controller
  artifactKey: Guid(e91b2bd3354d3724a9aa20765d305a1e) Importer(815301076,1909f56bfc062723c751e8b465ee728b)
Start importing Assets/Animations/Player.controller using Guid(e91b2bd3354d3724a9aa20765d305a1e) Importer(815301076,1909f56bfc062723c751e8b465ee728b)  -> (artifact id: 'a930220739a0f958fd4225b014d769c9') in 0.026080 seconds 
  Import took 0.029841 seconds .

========================================================================
Received Import Request.
  Time since last request: 17.736334 seconds.
  path: Assets/Animations/DIe.anim
  artifactKey: Guid(a9c54b0cec4a3f447a469277015984a6) Importer(815301076,1909f56bfc062723c751e8b465ee728b)
Start importing Assets/Animations/DIe.anim using Guid(a9c54b0cec4a3f447a469277015984a6) Importer(815301076,1909f56bfc062723c751e8b465ee728b)  -> (artifact id: 'b16be40c22ed76b2309b9f913e89346c') in 0.008561 seconds 
  Import took 0.012296 seconds .

========================================================================
Received Import Request.
  Time since last request: 226.357053 seconds.
  path: Assets/resources/ets/Scroe.mat
  artifactKey: Guid(89b9e18f2570ef443b7976c18cc6c05b) Importer(815301076,1909f56bfc062723c751e8b465ee728b)
Start importing Assets/resources/ets/Scroe.mat using Guid(89b9e18f2570ef443b7976c18cc6c05b) Importer(815301076,1909f56bfc062723c751e8b465ee728b)  -> (artifact id: '70c7f0c5e26c7448e61dedafdbecb1df') in 0.081365 seconds 
  Import took 0.085447 seconds .

========================================================================
Received Import Request.
  Time since last request: 4.316058 seconds.
  path: Assets/resources/ets/Score.mat
  artifactKey: Guid(89b9e18f2570ef443b7976c18cc6c05b) Importer(815301076,1909f56bfc062723c751e8b465ee728b)
Start importing Assets/resources/ets/Score.mat using Guid(89b9e18f2570ef443b7976c18cc6c05b) Importer(815301076,1909f56bfc062723c751e8b465ee728b)  -> (artifact id: 'e88db9241d62ad9d15f2cb219981771f') in 0.014644 seconds 
  Import took 0.017825 seconds .

========================================================================
Received Prepare
Registering precompiled user dll's ...
Registered in 0.010126 seconds.
Begin MonoManager ReloadAssembly
Native extension for WindowsStandalone target not found
Refreshing native plugins compatible for Editor in 0.57 ms, found 3 plugins.
Preloading 0 native plugins for Editor in 0.00 ms.
Mono: successfully reloaded assembly
- Completed reload, in  1.104 seconds
Domain Reload Profiling:
	ReloadAssembly (1106ms)
		BeginReloadAssembly (198ms)
			ExecutionOrderSort (0ms)
			DisableScriptedObjects (11ms)
			BackupInstance (0ms)
			ReleaseScriptingObjects (0ms)
			CreateAndSetChildDomain (76ms)
		EndReloadAssembly (843ms)
			LoadAssemblies (133ms)
			RebuildTransferFunctionScriptingTraits (0ms)
			SetupTypeCache (248ms)
			ReleaseScriptCaches (1ms)
			RebuildScriptCaches (42ms)
			SetupLoadedEditorAssemblies (340ms)
				LogAssemblyErrors (0ms)
				InitializePlatformSupportModulesInManaged (4ms)
				SetLoadedEditorAssemblies (0ms)
				RefreshPlugins (1ms)
				BeforeProcessingInitializeOnLoad (90ms)
				ProcessInitializeOnLoadAttributes (237ms)
				ProcessInitializeOnLoadMethodAttributes (5ms)
				AfterProcessingInitializeOnLoad (2ms)
				EditorAssembliesLoaded (0ms)
			ExecutionOrderSort2 (0ms)
			AwakeInstancesAfterBackupRestoration (9ms)
Platform modules already initialized, skipping
Refreshing native plugins compatible for Editor in 0.50 ms, found 3 plugins.
Preloading 0 native plugins for Editor in 0.00 ms.
Unloading 2082 Unused Serialized files (Serialized files now loaded: 0)
System memory in use before: 95.9 MB.
System memory in use after: 96.0 MB.

Unloading 18 unused Assets to reduce memory usage. Loaded Objects now: 2622.
Total: 3.379600 ms (FindLiveObjects: 0.327300 ms CreateObjectMapping: 0.073600 ms MarkObjects: 2.945200 ms  DeleteObjects: 0.031300 ms)

AssetImportParameters requested are different than current active one (requested -> active):
  custom:framework-win-MediaFoundation: 216162199b28c13a410421893ffa2e32 -> 
  custom:video-decoder-ogg-theora: a1e56fd34408186e4bbccfd4996cb3dc -> 
  custom:container-muxer-webm: aa71ff27fc2769a1b78a27578f13a17b -> 
  custom:container-demuxer-webm: 4f35f7cbe854078d1ac9338744f61a02 -> 
  custom:container-demuxer-ogg: 62fdf1f143b41e24485cea50d1cbac27 -> 
  custom:video-encoder-webm-vp8: eb34c28f22e8b96e1ab97ce403110664 -> 
  custom:video-decoder-webm-vp8: 9c59270c3fd7afecdb556c50c9e8de78 -> 
  custom:audio-decoder-ogg-vorbis: bf7c407c2cedff20999df2af8eb42d56 -> 
  custom:audio-encoder-webm-vorbis: bf7c407c2cedff20999df2af8eb42d56 -> 
========================================================================
Received Import Request.
  Time since last request: 1107.925522 seconds.
  path: Assets/scripts/Payer.cs
  artifactKey: Guid(89106b1b1c979794194d0d30ca764f8e) Importer(815301076,1909f56bfc062723c751e8b465ee728b)
Start importing Assets/scripts/Payer.cs using Guid(89106b1b1c979794194d0d30ca764f8e) Importer(815301076,1909f56bfc062723c751e8b465ee728b)  -> (artifact id: 'cfead4ebfffa0f74345c7920759f3a28') in 0.107707 seconds 
  Import took 0.111211 seconds .

========================================================================
Received Prepare
Registering precompiled user dll's ...
Registered in 0.009681 seconds.
Begin MonoManager ReloadAssembly
Native extension for WindowsStandalone target not found
Refreshing native plugins compatible for Editor in 0.53 ms, found 3 plugins.
Preloading 0 native plugins for Editor in 0.00 ms.
Mono: successfully reloaded assembly
- Completed reload, in  0.963 seconds
Domain Reload Profiling:
	ReloadAssembly (964ms)
		BeginReloadAssembly (128ms)
			ExecutionOrderSort (0ms)
			DisableScriptedObjects (5ms)
			BackupInstance (0ms)
			ReleaseScriptingObjects (0ms)
			CreateAndSetChildDomain (31ms)
		EndReloadAssembly (781ms)
			LoadAssemblies (115ms)
			RebuildTransferFunctionScriptingTraits (0ms)
			SetupTypeCache (234ms)
			ReleaseScriptCaches (1ms)
			RebuildScriptCaches (36ms)
			SetupLoadedEditorAssemblies (329ms)
				LogAssemblyErrors (0ms)
				InitializePlatformSupportModulesInManaged (4ms)
				SetLoadedEditorAssemblies (0ms)
				RefreshPlugins (1ms)
				BeforeProcessingInitializeOnLoad (86ms)
				ProcessInitializeOnLoadAttributes (232ms)
				ProcessInitializeOnLoadMethodAttributes (5ms)
				AfterProcessingInitializeOnLoad (2ms)
				EditorAssembliesLoaded (0ms)
			ExecutionOrderSort2 (0ms)
			AwakeInstancesAfterBackupRestoration (8ms)
Platform modules already initialized, skipping
Refreshing native plugins compatible for Editor in 0.48 ms, found 3 plugins.
Preloading 0 native plugins for Editor in 0.00 ms.
Unloading 2081 Unused Serialized files (Serialized files now loaded: 0)
System memory in use before: 95.9 MB.
System memory in use after: 96.0 MB.

Unloading 17 unused Assets to reduce memory usage. Loaded Objects now: 2624.
Total: 3.329600 ms (FindLiveObjects: 0.212200 ms CreateObjectMapping: 0.048800 ms MarkObjects: 3.013700 ms  DeleteObjects: 0.053800 ms)

AssetImportParameters requested are different than current active one (requested -> active):
  custom:framework-win-MediaFoundation: 216162199b28c13a410421893ffa2e32 -> 
  custom:video-decoder-ogg-theora: a1e56fd34408186e4bbccfd4996cb3dc -> 
  custom:container-muxer-webm: aa71ff27fc2769a1b78a27578f13a17b -> 
  custom:container-demuxer-webm: 4f35f7cbe854078d1ac9338744f61a02 -> 
  custom:container-demuxer-ogg: 62fdf1f143b41e24485cea50d1cbac27 -> 
  custom:video-encoder-webm-vp8: eb34c28f22e8b96e1ab97ce403110664 -> 
  custom:video-decoder-webm-vp8: 9c59270c3fd7afecdb556c50c9e8de78 -> 
  custom:audio-decoder-ogg-vorbis: bf7c407c2cedff20999df2af8eb42d56 -> 
  custom:audio-encoder-webm-vorbis: bf7c407c2cedff20999df2af8eb42d56 -> 
========================================================================
Received Import Request.
  Time since last request: 7.929750 seconds.
  path: Assets/scripts/Player.cs
  artifactKey: Guid(e4198b4337279554a9213fde486492fd) Importer(815301076,1909f56bfc062723c751e8b465ee728b)
Start importing Assets/scripts/Player.cs using Guid(e4198b4337279554a9213fde486492fd) Importer(815301076,1909f56bfc062723c751e8b465ee728b)  -> (artifact id: 'e7c51d3ebed3eab285453f53a6c67099') in 0.006881 seconds 
  Import took 0.012786 seconds .

========================================================================
Received Prepare
Registering precompiled user dll's ...
Registered in 0.009943 seconds.
Begin MonoManager ReloadAssembly
Native extension for WindowsStandalone target not found
Refreshing native plugins compatible for Editor in 0.50 ms, found 3 plugins.
Preloading 0 native plugins for Editor in 0.00 ms.
Mono: successfully reloaded assembly
- Completed reload, in  0.961 seconds
Domain Reload Profiling:
	ReloadAssembly (961ms)
		BeginReloadAssembly (125ms)
			ExecutionOrderSort (0ms)
			DisableScriptedObjects (5ms)
			BackupInstance (0ms)
			ReleaseScriptingObjects (0ms)
			CreateAndSetChildDomain (29ms)
		EndReloadAssembly (782ms)
			LoadAssemblies (117ms)
			RebuildTransferFunctionScriptingTraits (0ms)
			SetupTypeCache (234ms)
			ReleaseScriptCaches (1ms)
			RebuildScriptCaches (35ms)
			SetupLoadedEditorAssemblies (322ms)
				LogAssemblyErrors (0ms)
				InitializePlatformSupportModulesInManaged (4ms)
				SetLoadedEditorAssemblies (0ms)
				RefreshPlugins (1ms)
				BeforeProcessingInitializeOnLoad (86ms)
				ProcessInitializeOnLoadAttributes (225ms)
				ProcessInitializeOnLoadMethodAttributes (5ms)
				AfterProcessingInitializeOnLoad (2ms)
				EditorAssembliesLoaded (0ms)
			ExecutionOrderSort2 (0ms)
			AwakeInstancesAfterBackupRestoration (8ms)
Platform modules already initialized, skipping
Refreshing native plugins compatible for Editor in 0.52 ms, found 3 plugins.
Preloading 0 native plugins for Editor in 0.00 ms.
Unloading 2082 Unused Serialized files (Serialized files now loaded: 0)
System memory in use before: 95.9 MB.
System memory in use after: 96.1 MB.

Unloading 16 unused Assets to reduce memory usage. Loaded Objects now: 2628.
Total: 3.325100 ms (FindLiveObjects: 0.201800 ms CreateObjectMapping: 0.047000 ms MarkObjects: 3.052200 ms  DeleteObjects: 0.022800 ms)

AssetImportParameters requested are different than current active one (requested -> active):
  custom:framework-win-MediaFoundation: 216162199b28c13a410421893ffa2e32 -> 
  custom:video-decoder-ogg-theora: a1e56fd34408186e4bbccfd4996cb3dc -> 
  custom:container-muxer-webm: aa71ff27fc2769a1b78a27578f13a17b -> 
  custom:container-demuxer-webm: 4f35f7cbe854078d1ac9338744f61a02 -> 
  custom:container-demuxer-ogg: 62fdf1f143b41e24485cea50d1cbac27 -> 
  custom:video-encoder-webm-vp8: eb34c28f22e8b96e1ab97ce403110664 -> 
  custom:video-decoder-webm-vp8: 9c59270c3fd7afecdb556c50c9e8de78 -> 
  custom:audio-decoder-ogg-vorbis: bf7c407c2cedff20999df2af8eb42d56 -> 
  custom:audio-encoder-webm-vorbis: bf7c407c2cedff20999df2af8eb42d56 -> 
========================================================================
Received Import Request.
  Time since last request: 30.483599 seconds.
  path: Assets/scripts/New Folder
  artifactKey: Guid(e5735fddae95b4840826b3b64d74c266) Importer(815301076,1909f56bfc062723c751e8b465ee728b)
Start importing Assets/scripts/New Folder using Guid(e5735fddae95b4840826b3b64d74c266) Importer(815301076,1909f56bfc062723c751e8b465ee728b)  -> (artifact id: '99f19b6250bbdc53d99bd5e4ac20a7f0') in 0.007350 seconds 
  Import took 0.010994 seconds .

========================================================================
Received Import Request.
  Time since last request: 0.001233 seconds.
  path: Assets/scripts/New Folder
  artifactKey: Guid(e5735fddae95b4840826b3b64d74c266) Importer(815301076,1909f56bfc062723c751e8b465ee728b)
Start importing Assets/scripts/New Folder using Guid(e5735fddae95b4840826b3b64d74c266) Importer(815301076,1909f56bfc062723c751e8b465ee728b)  -> (artifact id: '99f19b6250bbdc53d99bd5e4ac20a7f0') in 0.004147 seconds 
  Import took 0.007108 seconds .

========================================================================
Received Import Request.
  Time since last request: 10.967641 seconds.
  path: Assets/scripts/Alphabet.cs
  artifactKey: Guid(d3de6b8e34d145c4dabf8f39ee23fb91) Importer(815301076,1909f56bfc062723c751e8b465ee728b)
Start importing Assets/scripts/Alphabet.cs using Guid(d3de6b8e34d145c4dabf8f39ee23fb91) Importer(815301076,1909f56bfc062723c751e8b465ee728b)  -> (artifact id: 'dd8f218e6b9329760cf0070d9af9ab5d') in 0.003759 seconds 
  Import took 0.007234 seconds .

========================================================================
Received Prepare
Registering precompiled user dll's ...
Registered in 0.010571 seconds.
Begin MonoManager ReloadAssembly
Native extension for WindowsStandalone target not found
Refreshing native plugins compatible for Editor in 0.52 ms, found 3 plugins.
Preloading 0 native plugins for Editor in 0.00 ms.
Mono: successfully reloaded assembly
- Completed reload, in  0.963 seconds
Domain Reload Profiling:
	ReloadAssembly (964ms)
		BeginReloadAssembly (127ms)
			ExecutionOrderSort (0ms)
			DisableScriptedObjects (5ms)
			BackupInstance (0ms)
			ReleaseScriptingObjects (0ms)
			CreateAndSetChildDomain (29ms)
		EndReloadAssembly (782ms)
			LoadAssemblies (119ms)
			RebuildTransferFunctionScriptingTraits (0ms)
			SetupTypeCache (232ms)
			ReleaseScriptCaches (1ms)
			RebuildScriptCaches (35ms)
			SetupLoadedEditorAssemblies (323ms)
				LogAssemblyErrors (0ms)
				InitializePlatformSupportModulesInManaged (4ms)
				SetLoadedEditorAssemblies (0ms)
				RefreshPlugins (1ms)
				BeforeProcessingInitializeOnLoad (86ms)
				ProcessInitializeOnLoadAttributes (226ms)
				ProcessInitializeOnLoadMethodAttributes (4ms)
				AfterProcessingInitializeOnLoad (2ms)
				EditorAssembliesLoaded (0ms)
			ExecutionOrderSort2 (0ms)
			AwakeInstancesAfterBackupRestoration (8ms)
Platform modules already initialized, skipping
Refreshing native plugins compatible for Editor in 0.54 ms, found 3 plugins.
Preloading 0 native plugins for Editor in 0.00 ms.
Unloading 2083 Unused Serialized files (Serialized files now loaded: 0)
System memory in use before: 96.0 MB.
System memory in use after: 96.1 MB.

Unloading 16 unused Assets to reduce memory usage. Loaded Objects now: 2632.
Total: 3.372600 ms (FindLiveObjects: 0.208100 ms CreateObjectMapping: 0.047900 ms MarkObjects: 3.087300 ms  DeleteObjects: 0.027900 ms)

AssetImportParameters requested are different than current active one (requested -> active):
  custom:framework-win-MediaFoundation: 216162199b28c13a410421893ffa2e32 -> 
  custom:video-decoder-ogg-theora: a1e56fd34408186e4bbccfd4996cb3dc -> 
  custom:container-muxer-webm: aa71ff27fc2769a1b78a27578f13a17b -> 
  custom:container-demuxer-webm: 4f35f7cbe854078d1ac9338744f61a02 -> 
  custom:container-demuxer-ogg: 62fdf1f143b41e24485cea50d1cbac27 -> 
  custom:video-encoder-webm-vp8: eb34c28f22e8b96e1ab97ce403110664 -> 
  custom:video-decoder-webm-vp8: 9c59270c3fd7afecdb556c50c9e8de78 -> 
  custom:audio-decoder-ogg-vorbis: bf7c407c2cedff20999df2af8eb42d56 -> 
  custom:audio-encoder-webm-vorbis: bf7c407c2cedff20999df2af8eb42d56 -> 
========================================================================
Received Import Request.
  Time since last request: 12.580436 seconds.
  path: Assets/scripts/AlphabetSpawn.cs
  artifactKey: Guid(d3de6b8e34d145c4dabf8f39ee23fb91) Importer(815301076,1909f56bfc062723c751e8b465ee728b)
Start importing Assets/scripts/AlphabetSpawn.cs using Guid(d3de6b8e34d145c4dabf8f39ee23fb91) Importer(815301076,1909f56bfc062723c751e8b465ee728b)  -> (artifact id: '4d2157557b53b35b3b1d5aa52ef53492') in 0.006733 seconds 
  Import took 0.010506 seconds .

========================================================================
Received Prepare
Registering precompiled user dll's ...
Registered in 0.008730 seconds.
Begin MonoManager ReloadAssembly
Native extension for WindowsStandalone target not found
Refreshing native plugins compatible for Editor in 0.51 ms, found 3 plugins.
Preloading 0 native plugins for Editor in 0.00 ms.
Mono: successfully reloaded assembly
- Completed reload, in  0.965 seconds
Domain Reload Profiling:
	ReloadAssembly (966ms)
		BeginReloadAssembly (128ms)
			ExecutionOrderSort (0ms)
			DisableScriptedObjects (5ms)
			BackupInstance (0ms)
			ReleaseScriptingObjects (0ms)
			CreateAndSetChildDomain (28ms)
		EndReloadAssembly (784ms)
			LoadAssemblies (114ms)
			RebuildTransferFunctionScriptingTraits (0ms)
			SetupTypeCache (235ms)
			ReleaseScriptCaches (1ms)
			RebuildScriptCaches (37ms)
			SetupLoadedEditorAssemblies (329ms)
				LogAssemblyErrors (0ms)
				InitializePlatformSupportModulesInManaged (4ms)
				SetLoadedEditorAssemblies (0ms)
				RefreshPlugins (1ms)
				BeforeProcessingInitializeOnLoad (90ms)
				ProcessInitializeOnLoadAttributes (227ms)
				ProcessInitializeOnLoadMethodAttributes (4ms)
				AfterProcessingInitializeOnLoad (2ms)
				EditorAssembliesLoaded (0ms)
			ExecutionOrderSort2 (0ms)
			AwakeInstancesAfterBackupRestoration (9ms)
Platform modules already initialized, skipping
Refreshing native plugins compatible for Editor in 0.51 ms, found 3 plugins.
Preloading 0 native plugins for Editor in 0.00 ms.
Unloading 2083 Unused Serialized files (Serialized files now loaded: 0)
System memory in use before: 96.0 MB.
System memory in use after: 96.1 MB.

Unloading 16 unused Assets to reduce memory usage. Loaded Objects now: 2635.
Total: 3.086700 ms (FindLiveObjects: 0.247600 ms CreateObjectMapping: 0.050200 ms MarkObjects: 2.764000 ms  DeleteObjects: 0.023500 ms)

AssetImportParameters requested are different than current active one (requested -> active):
  custom:framework-win-MediaFoundation: 216162199b28c13a410421893ffa2e32 -> 
  custom:video-decoder-ogg-theora: a1e56fd34408186e4bbccfd4996cb3dc -> 
  custom:container-muxer-webm: aa71ff27fc2769a1b78a27578f13a17b -> 
  custom:container-demuxer-webm: 4f35f7cbe854078d1ac9338744f61a02 -> 
  custom:container-demuxer-ogg: 62fdf1f143b41e24485cea50d1cbac27 -> 
  custom:video-encoder-webm-vp8: eb34c28f22e8b96e1ab97ce403110664 -> 
  custom:video-decoder-webm-vp8: 9c59270c3fd7afecdb556c50c9e8de78 -> 
  custom:audio-decoder-ogg-vorbis: bf7c407c2cedff20999df2af8eb42d56 -> 
  custom:audio-encoder-webm-vorbis: bf7c407c2cedff20999df2af8eb42d56 -> 
========================================================================
Received Import Request.
  Time since last request: 13.267605 seconds.
  path: Assets/scripts/AlphabetMove.cs
  artifactKey: Guid(215d45db29b92f84b8cb5a1b9b304536) Importer(815301076,1909f56bfc062723c751e8b465ee728b)
Start importing Assets/scripts/AlphabetMove.cs using Guid(215d45db29b92f84b8cb5a1b9b304536) Importer(815301076,1909f56bfc062723c751e8b465ee728b)  -> (artifact id: '2f99a38a1716013ebb1c30c8430d7ac3') in 0.007133 seconds 
  Import took 0.010557 seconds .

========================================================================
Received Prepare
Registering precompiled user dll's ...
Registered in 0.008549 seconds.
Begin MonoManager ReloadAssembly
Native extension for WindowsStandalone target not found
Refreshing native plugins compatible for Editor in 0.61 ms, found 3 plugins.
Preloading 0 native plugins for Editor in 0.00 ms.
Mono: successfully reloaded assembly
- Completed reload, in  0.950 seconds
Domain Reload Profiling:
	ReloadAssembly (951ms)
		BeginReloadAssembly (128ms)
			ExecutionOrderSort (0ms)
			DisableScriptedObjects (5ms)
			BackupInstance (0ms)
			ReleaseScriptingObjects (0ms)
			CreateAndSetChildDomain (29ms)
		EndReloadAssembly (768ms)
			LoadAssemblies (113ms)
			RebuildTransferFunctionScriptingTraits (0ms)
			SetupTypeCache (229ms)
			ReleaseScriptCaches (1ms)
			RebuildScriptCaches (35ms)
			SetupLoadedEditorAssemblies (322ms)
				LogAssemblyErrors (0ms)
				InitializePlatformSupportModulesInManaged (4ms)
				SetLoadedEditorAssemblies (1ms)
				RefreshPlugins (1ms)
				BeforeProcessingInitializeOnLoad (87ms)
				ProcessInitializeOnLoadAttributes (223ms)
				ProcessInitializeOnLoadMethodAttributes (4ms)
				AfterProcessingInitializeOnLoad (2ms)
				EditorAssembliesLoaded (0ms)
			ExecutionOrderSort2 (0ms)
			AwakeInstancesAfterBackupRestoration (8ms)
Platform modules already initialized, skipping
Refreshing native plugins compatible for Editor in 0.46 ms, found 3 plugins.
Preloading 0 native plugins for Editor in 0.00 ms.
Unloading 2084 Unused Serialized files (Serialized files now loaded: 0)
System memory in use before: 96.0 MB.
System memory in use after: 96.1 MB.

Unloading 16 unused Assets to reduce memory usage. Loaded Objects now: 2639.
Total: 3.193200 ms (FindLiveObjects: 0.198500 ms CreateObjectMapping: 0.046000 ms MarkObjects: 2.921300 ms  DeleteObjects: 0.026200 ms)

AssetImportParameters requested are different than current active one (requested -> active):
  custom:framework-win-MediaFoundation: 216162199b28c13a410421893ffa2e32 -> 
  custom:video-decoder-ogg-theora: a1e56fd34408186e4bbccfd4996cb3dc -> 
  custom:container-muxer-webm: aa71ff27fc2769a1b78a27578f13a17b -> 
  custom:container-demuxer-webm: 4f35f7cbe854078d1ac9338744f61a02 -> 
  custom:container-demuxer-ogg: 62fdf1f143b41e24485cea50d1cbac27 -> 
  custom:video-encoder-webm-vp8: eb34c28f22e8b96e1ab97ce403110664 -> 
  custom:video-decoder-webm-vp8: 9c59270c3fd7afecdb556c50c9e8de78 -> 
  custom:audio-decoder-ogg-vorbis: bf7c407c2cedff20999df2af8eb42d56 -> 
  custom:audio-encoder-webm-vorbis: bf7c407c2cedff20999df2af8eb42d56 -> 
========================================================================
Received Import Request.
  Time since last request: 11.183404 seconds.
  path: Assets/scripts/GameManager.cs
  artifactKey: Guid(b66abca79e4bfae4cbf6ef0bf2f96107) Importer(815301076,1909f56bfc062723c751e8b465ee728b)
Start importing Assets/scripts/GameManager.cs using Guid(b66abca79e4bfae4cbf6ef0bf2f96107) Importer(815301076,1909f56bfc062723c751e8b465ee728b)  -> (artifact id: '5ae47f49de9bc38a8a9f410d20656728') in 0.006769 seconds 
  Import took 0.010379 seconds .

========================================================================
Received Prepare
Registering precompiled user dll's ...
Registered in 0.008547 seconds.
Begin MonoManager ReloadAssembly
Native extension for WindowsStandalone target not found
Refreshing native plugins compatible for Editor in 0.53 ms, found 3 plugins.
Preloading 0 native plugins for Editor in 0.00 ms.
Mono: successfully reloaded assembly
- Completed reload, in  0.943 seconds
Domain Reload Profiling:
	ReloadAssembly (944ms)
		BeginReloadAssembly (122ms)
			ExecutionOrderSort (0ms)
			DisableScriptedObjects (5ms)
			BackupInstance (0ms)
			ReleaseScriptingObjects (0ms)
			CreateAndSetChildDomain (27ms)
		EndReloadAssembly (768ms)
			LoadAssemblies (113ms)
			RebuildTransferFunctionScriptingTraits (0ms)
			SetupTypeCache (232ms)
			ReleaseScriptCaches (1ms)
			RebuildScriptCaches (36ms)
			SetupLoadedEditorAssemblies (320ms)
				LogAssemblyErrors (0ms)
				InitializePlatformSupportModulesInManaged (4ms)
				SetLoadedEditorAssemblies (0ms)
				RefreshPlugins (1ms)
				BeforeProcessingInitializeOnLoad (87ms)
				ProcessInitializeOnLoadAttributes (221ms)
				ProcessInitializeOnLoadMethodAttributes (4ms)
				AfterProcessingInitializeOnLoad (2ms)
				EditorAssembliesLoaded (0ms)
			ExecutionOrderSort2 (0ms)
			AwakeInstancesAfterBackupRestoration (8ms)
Platform modules already initialized, skipping
Refreshing native plugins compatible for Editor in 0.71 ms, found 3 plugins.
Preloading 0 native plugins for Editor in 0.00 ms.
Unloading 2085 Unused Serialized files (Serialized files now loaded: 0)
System memory in use before: 96.0 MB.
System memory in use after: 96.2 MB.

Unloading 16 unused Assets to reduce memory usage. Loaded Objects now: 2643.
Total: 3.224100 ms (FindLiveObjects: 0.261300 ms CreateObjectMapping: 0.049300 ms MarkObjects: 2.888600 ms  DeleteObjects: 0.024100 ms)

AssetImportParameters requested are different than current active one (requested -> active):
  custom:framework-win-MediaFoundation: 216162199b28c13a410421893ffa2e32 -> 
  custom:video-decoder-ogg-theora: a1e56fd34408186e4bbccfd4996cb3dc -> 
  custom:container-muxer-webm: aa71ff27fc2769a1b78a27578f13a17b -> 
  custom:container-demuxer-webm: 4f35f7cbe854078d1ac9338744f61a02 -> 
  custom:container-demuxer-ogg: 62fdf1f143b41e24485cea50d1cbac27 -> 
  custom:video-encoder-webm-vp8: eb34c28f22e8b96e1ab97ce403110664 -> 
  custom:video-decoder-webm-vp8: 9c59270c3fd7afecdb556c50c9e8de78 -> 
  custom:audio-decoder-ogg-vorbis: bf7c407c2cedff20999df2af8eb42d56 -> 
  custom:audio-encoder-webm-vorbis: bf7c407c2cedff20999df2af8eb42d56 -> 
========================================================================
Received Prepare
Registering precompiled user dll's ...
Registered in 0.009245 seconds.
Begin MonoManager ReloadAssembly
Native extension for WindowsStandalone target not found
Refreshing native plugins compatible for Editor in 0.52 ms, found 3 plugins.
Preloading 0 native plugins for Editor in 0.00 ms.
Mono: successfully reloaded assembly
- Completed reload, in  0.973 seconds
Domain Reload Profiling:
	ReloadAssembly (974ms)
		BeginReloadAssembly (122ms)
			ExecutionOrderSort (0ms)
			DisableScriptedObjects (5ms)
			BackupInstance (0ms)
			ReleaseScriptingObjects (0ms)
			CreateAndSetChildDomain (28ms)
		EndReloadAssembly (797ms)
			LoadAssemblies (112ms)
			RebuildTransferFunctionScriptingTraits (0ms)
			SetupTypeCache (237ms)
			ReleaseScriptCaches (1ms)
			RebuildScriptCaches (36ms)
			SetupLoadedEditorAssemblies (340ms)
				LogAssemblyErrors (0ms)
				InitializePlatformSupportModulesInManaged (4ms)
				SetLoadedEditorAssemblies (0ms)
				RefreshPlugins (1ms)
				BeforeProcessingInitializeOnLoad (92ms)
				ProcessInitializeOnLoadAttributes (234ms)
				ProcessInitializeOnLoadMethodAttributes (6ms)
				AfterProcessingInitializeOnLoad (3ms)
				EditorAssembliesLoaded (0ms)
			ExecutionOrderSort2 (0ms)
			AwakeInstancesAfterBackupRestoration (9ms)
Platform modules already initialized, skipping
Refreshing native plugins compatible for Editor in 0.51 ms, found 3 plugins.
Preloading 0 native plugins for Editor in 0.00 ms.
Unloading 2085 Unused Serialized files (Serialized files now loaded: 0)
System memory in use before: 96.1 MB.
System memory in use after: 96.2 MB.

Unloading 16 unused Assets to reduce memory usage. Loaded Objects now: 2646.
Total: 3.164400 ms (FindLiveObjects: 0.230800 ms CreateObjectMapping: 0.057500 ms MarkObjects: 2.854100 ms  DeleteObjects: 0.021100 ms)

AssetImportParameters requested are different than current active one (requested -> active):
  custom:framework-win-MediaFoundation: 216162199b28c13a410421893ffa2e32 -> 
  custom:video-decoder-ogg-theora: a1e56fd34408186e4bbccfd4996cb3dc -> 
  custom:container-muxer-webm: aa71ff27fc2769a1b78a27578f13a17b -> 
  custom:container-demuxer-webm: 4f35f7cbe854078d1ac9338744f61a02 -> 
  custom:container-demuxer-ogg: 62fdf1f143b41e24485cea50d1cbac27 -> 
  custom:video-encoder-webm-vp8: eb34c28f22e8b96e1ab97ce403110664 -> 
  custom:video-decoder-webm-vp8: 9c59270c3fd7afecdb556c50c9e8de78 -> 
  custom:audio-decoder-ogg-vorbis: bf7c407c2cedff20999df2af8eb42d56 -> 
  custom:audio-encoder-webm-vorbis: bf7c407c2cedff20999df2af8eb42d56 -> 
========================================================================
Received Prepare
Registering precompiled user dll's ...
Registered in 0.008951 seconds.
Begin MonoManager ReloadAssembly
Native extension for WindowsStandalone target not found
Refreshing native plugins compatible for Editor in 0.61 ms, found 3 plugins.
Preloading 0 native plugins for Editor in 0.00 ms.
Mono: successfully reloaded assembly
- Completed reload, in  0.980 seconds
Domain Reload Profiling:
	ReloadAssembly (981ms)
		BeginReloadAssembly (124ms)
			ExecutionOrderSort (0ms)
			DisableScriptedObjects (5ms)
			BackupInstance (0ms)
			ReleaseScriptingObjects (0ms)
			CreateAndSetChildDomain (29ms)
		EndReloadAssembly (802ms)
			LoadAssemblies (123ms)
			RebuildTransferFunctionScriptingTraits (0ms)
			SetupTypeCache (232ms)
			ReleaseScriptCaches (1ms)
			RebuildScriptCaches (36ms)
			SetupLoadedEditorAssemblies (347ms)
				LogAssemblyErrors (0ms)
				InitializePlatformSupportModulesInManaged (4ms)
				SetLoadedEditorAssemblies (0ms)
				RefreshPlugins (1ms)
				BeforeProcessingInitializeOnLoad (97ms)
				ProcessInitializeOnLoadAttributes (238ms)
				ProcessInitializeOnLoadMethodAttributes (4ms)
				AfterProcessingInitializeOnLoad (2ms)
				EditorAssembliesLoaded (0ms)
			ExecutionOrderSort2 (0ms)
			AwakeInstancesAfterBackupRestoration (8ms)
Platform modules already initialized, skipping
Refreshing native plugins compatible for Editor in 0.50 ms, found 3 plugins.
Preloading 0 native plugins for Editor in 0.00 ms.
Unloading 2085 Unused Serialized files (Serialized files now loaded: 0)
System memory in use before: 96.1 MB.
System memory in use after: 96.2 MB.

Unloading 16 unused Assets to reduce memory usage. Loaded Objects now: 2649.
Total: 3.242200 ms (FindLiveObjects: 0.236500 ms CreateObjectMapping: 0.056900 ms MarkObjects: 2.924700 ms  DeleteObjects: 0.022800 ms)

AssetImportParameters requested are different than current active one (requested -> active):
  custom:framework-win-MediaFoundation: 216162199b28c13a410421893ffa2e32 -> 
  custom:video-decoder-ogg-theora: a1e56fd34408186e4bbccfd4996cb3dc -> 
  custom:container-muxer-webm: aa71ff27fc2769a1b78a27578f13a17b -> 
  custom:container-demuxer-webm: 4f35f7cbe854078d1ac9338744f61a02 -> 
  custom:container-demuxer-ogg: 62fdf1f143b41e24485cea50d1cbac27 -> 
  custom:video-encoder-webm-vp8: eb34c28f22e8b96e1ab97ce403110664 -> 
  custom:video-decoder-webm-vp8: 9c59270c3fd7afecdb556c50c9e8de78 -> 
  custom:audio-decoder-ogg-vorbis: bf7c407c2cedff20999df2af8eb42d56 -> 
  custom:audio-encoder-webm-vorbis: bf7c407c2cedff20999df2af8eb42d56 -> 
========================================================================
Received Prepare
Registering precompiled user dll's ...
Registered in 0.008933 seconds.
Begin MonoManager ReloadAssembly
Native extension for WindowsStandalone target not found
Refreshing native plugins compatible for Editor in 0.50 ms, found 3 plugins.
Preloading 0 native plugins for Editor in 0.00 ms.
Mono: successfully reloaded assembly
- Completed reload, in  0.939 seconds
Domain Reload Profiling:
	ReloadAssembly (940ms)
		BeginReloadAssembly (125ms)
			ExecutionOrderSort (0ms)
			DisableScriptedObjects (5ms)
			BackupInstance (0ms)
			ReleaseScriptingObjects (0ms)
			CreateAndSetChildDomain (28ms)
		EndReloadAssembly (762ms)
			LoadAssemblies (113ms)
			RebuildTransferFunctionScriptingTraits (0ms)
			SetupTypeCache (226ms)
			ReleaseScriptCaches (1ms)
			RebuildScriptCaches (35ms)
			SetupLoadedEditorAssemblies (321ms)
				LogAssemblyErrors (0ms)
				InitializePlatformSupportModulesInManaged (4ms)
				SetLoadedEditorAssemblies (0ms)
				RefreshPlugins (1ms)
				BeforeProcessingInitializeOnLoad (86ms)
				ProcessInitializeOnLoadAttributes (223ms)
				ProcessInitializeOnLoadMethodAttributes (5ms)
				AfterProcessingInitializeOnLoad (2ms)
				EditorAssembliesLoaded (0ms)
			ExecutionOrderSort2 (0ms)
			AwakeInstancesAfterBackupRestoration (8ms)
Platform modules already initialized, skipping
Refreshing native plugins compatible for Editor in 0.49 ms, found 3 plugins.
Preloading 0 native plugins for Editor in 0.00 ms.
Unloading 2085 Unused Serialized files (Serialized files now loaded: 0)
System memory in use before: 96.1 MB.
System memory in use after: 96.2 MB.

Unloading 16 unused Assets to reduce memory usage. Loaded Objects now: 2652.
Total: 2.841300 ms (FindLiveObjects: 0.231200 ms CreateObjectMapping: 0.057600 ms MarkObjects: 2.535500 ms  DeleteObjects: 0.015900 ms)

AssetImportParameters requested are different than current active one (requested -> active):
  custom:framework-win-MediaFoundation: 216162199b28c13a410421893ffa2e32 -> 
  custom:video-decoder-ogg-theora: a1e56fd34408186e4bbccfd4996cb3dc -> 
  custom:container-muxer-webm: aa71ff27fc2769a1b78a27578f13a17b -> 
  custom:container-demuxer-webm: 4f35f7cbe854078d1ac9338744f61a02 -> 
  custom:container-demuxer-ogg: 62fdf1f143b41e24485cea50d1cbac27 -> 
  custom:video-encoder-webm-vp8: eb34c28f22e8b96e1ab97ce403110664 -> 
  custom:video-decoder-webm-vp8: 9c59270c3fd7afecdb556c50c9e8de78 -> 
  custom:audio-decoder-ogg-vorbis: bf7c407c2cedff20999df2af8eb42d56 -> 
  custom:audio-encoder-webm-vorbis: bf7c407c2cedff20999df2af8eb42d56 -> 
========================================================================
Received Import Request.
  Time since last request: 466.049307 seconds.
  path: Assets/resources/ets/A_0.prefab
  artifactKey: Guid(e3873acb8a3c80a4c9718a6f35f6156a) Importer(815301076,1909f56bfc062723c751e8b465ee728b)
Start importing Assets/resources/ets/A_0.prefab using Guid(e3873acb8a3c80a4c9718a6f35f6156a) Importer(815301076,1909f56bfc062723c751e8b465ee728b)  -> (artifact id: '88563e5eb75f5d2b17877110e6c6eac2') in 0.056104 seconds 
  Import took 0.059266 seconds .

AssetImportWorkerClient::OnTransportError - code=2 error=End of file
